2013-03-31 17:24:27.397 [IPControllerApp] Hub listening on tcp://127.0.0.1:57629 for registration.
2013-03-31 17:24:27.398 [IPControllerApp] Hub using DB backend: 'NoDB'
2013-03-31 17:24:27.652 [IPControllerApp] hub::created hub
2013-03-31 17:24:27.653 [IPControllerApp] writing connection info to /Users/fabrizio/.ipython/profile_default/security/ipcontroller-client.json
2013-03-31 17:24:27.653 [IPControllerApp] writing connection info to /Users/fabrizio/.ipython/profile_default/security/ipcontroller-engine.json
2013-03-31 17:24:27.654 [IPControllerApp] task::using Python leastload Task scheduler
2013-03-31 17:24:27.654 [IPControllerApp] Heartmonitor started
2013-03-31 17:24:27.661 [IPControllerApp] Creating pid file: /Users/fabrizio/.ipython/profile_default/pid/ipcontroller.pid
2013-03-31 17:24:28.391 [IPControllerApp] client::client '84304a01-f3f1-4f0e-811d-404ab24d9e59' requested 'registration_request'
2013-03-31 17:24:28.490 [IPControllerApp] client::client 'bd4a97e1-3724-4e20-9bd2-22db68a0ab9e' requested 'registration_request'
2013-03-31 17:24:29.920 [IPControllerApp] iopub::IOPub message lacks parent: {'parent_header': {}, 'msg_type': 'stream', 'msg_id': '1d841b15-53ea-4a67-beb4-016723fa97cf', 'content': {'data': '/Library/Python/2.7/site-packages/pytz-2012j-py2.7.egg/pytz/__init__.py:35: UserWarning: Module pytz was already imported from /Library/Python/2.7/site-packages/pytz-2012j-py2.7.egg/pytz/__init__.pyc, but /usr/local/lib/python2.7/site-packages is being added to sys.path\n  from pkg_resources import resource_stream\n', 'name': 'stderr'}, 'header': {'date': datetime.datetime(2013, 3, 31, 17, 24, 29, 919370), 'username': 'fabrizio', 'session': '84304a01-f3f1-4f0e-811d-404ab24d9e59', 'msg_id': '1d841b15-53ea-4a67-beb4-016723fa97cf', 'msg_type': 'stream'}, 'buffers': []}
2013-03-31 17:24:29.987 [IPControllerApp] iopub::IOPub message lacks parent: {'parent_header': {}, 'msg_type': 'stream', 'msg_id': '77bb81a0-2ac1-41fe-83ed-87b30f230255', 'content': {'data': '/Library/Python/2.7/site-packages/pytz-2012j-py2.7.egg/pytz/__init__.py:35: UserWarning: Module pytz was already imported from /Library/Python/2.7/site-packages/pytz-2012j-py2.7.egg/pytz/__init__.pyc, but /usr/local/lib/python2.7/site-packages is being added to sys.path\n  from pkg_resources import resource_stream\n', 'name': 'stderr'}, 'header': {'date': datetime.datetime(2013, 3, 31, 17, 24, 29, 986293), 'username': 'fabrizio', 'session': 'bd4a97e1-3724-4e20-9bd2-22db68a0ab9e', 'msg_id': '77bb81a0-2ac1-41fe-83ed-87b30f230255', 'msg_type': 'stream'}, 'buffers': []}
2013-03-31 17:24:32.524 [IPControllerApp] client::client '3406de87-61c2-48e7-8bf3-f35bde447637' requested 'connection_request'
2013-03-31 17:24:32.525 [IPControllerApp] client::client ['3406de87-61c2-48e7-8bf3-f35bde447637'] connected
2013-03-31 17:24:33.654 [IPControllerApp] registration::finished registering engine 0:'84304a01-f3f1-4f0e-811d-404ab24d9e59'
2013-03-31 17:24:33.655 [IPControllerApp] engine::Engine Connected: 0
2013-03-31 17:24:33.655 [IPControllerApp] registration::finished registering engine 1:'bd4a97e1-3724-4e20-9bd2-22db68a0ab9e'
2013-03-31 17:24:33.656 [IPControllerApp] engine::Engine Connected: 1
2013-03-31 17:24:40.778 [IPControllerApp] queue::client '3406de87-61c2-48e7-8bf3-f35bde447637' submitted request 'a96e933f-50d0-462a-8dd4-178db47c95e4' to 0
2013-03-31 17:24:40.779 [IPControllerApp] queue::client '3406de87-61c2-48e7-8bf3-f35bde447637' submitted request '08a145af-3fb7-4b2a-a92f-b992c2cdc37b' to 1
2013-03-31 17:24:40.788 [IPControllerApp] queue::request 'a96e933f-50d0-462a-8dd4-178db47c95e4' completed on 0
2013-03-31 17:24:40.789 [IPControllerApp] queue::request '08a145af-3fb7-4b2a-a92f-b992c2cdc37b' completed on 1
2013-03-31 17:26:44.624 [IPControllerApp] queue::client '3406de87-61c2-48e7-8bf3-f35bde447637' submitted request '48bba2d5-1b91-44b8-bf1e-13552078fd8a' to 0
2013-03-31 17:26:44.624 [IPControllerApp] queue::client '3406de87-61c2-48e7-8bf3-f35bde447637' submitted request 'b3ca005f-e008-4eb2-8af3-afb85aff6d5a' to 1
2013-03-31 17:26:44.628 [IPControllerApp] queue::request '48bba2d5-1b91-44b8-bf1e-13552078fd8a' completed on 0
2013-03-31 17:26:44.629 [IPControllerApp] queue::request 'b3ca005f-e008-4eb2-8af3-afb85aff6d5a' completed on 1
2013-03-31 17:26:46.475 [IPControllerApp] queue::client '3406de87-61c2-48e7-8bf3-f35bde447637' submitted request 'c94179fc-6fa8-48a5-b11f-11a53a4fa093' to 0
2013-03-31 17:26:46.476 [IPControllerApp] queue::client '3406de87-61c2-48e7-8bf3-f35bde447637' submitted request '41482220-fc2a-4bd4-acc6-e42ad030e712' to 1
2013-03-31 17:26:46.480 [IPControllerApp] queue::request 'c94179fc-6fa8-48a5-b11f-11a53a4fa093' completed on 0
2013-03-31 17:26:46.481 [IPControllerApp] queue::request '41482220-fc2a-4bd4-acc6-e42ad030e712' completed on 1
2013-03-31 17:26:50.397 [IPControllerApp] queue::client '3406de87-61c2-48e7-8bf3-f35bde447637' submitted request '430960d8-dc1b-4d12-a2fb-cff05d849b0d' to 0
2013-03-31 17:26:50.398 [IPControllerApp] queue::client '3406de87-61c2-48e7-8bf3-f35bde447637' submitted request '72ceda73-d6de-4277-9138-585ae4d586c4' to 1
2013-03-31 17:26:50.403 [IPControllerApp] queue::request '430960d8-dc1b-4d12-a2fb-cff05d849b0d' completed on 0
2013-03-31 17:26:50.405 [IPControllerApp] queue::request '72ceda73-d6de-4277-9138-585ae4d586c4' completed on 1
2013-03-31 17:26:55.486 [IPControllerApp] queue::client '3406de87-61c2-48e7-8bf3-f35bde447637' submitted request '217483b9-e96f-441f-b787-217c2754b7f0' to 1
2013-03-31 17:26:55.490 [IPControllerApp] queue::request '217483b9-e96f-441f-b787-217c2754b7f0' completed on 1
2013-03-31 17:27:08.309 [IPControllerApp] queue::client '3406de87-61c2-48e7-8bf3-f35bde447637' submitted request '056060fb-e690-47e7-a44c-2c12a2cbdd8d' to 0
2013-03-31 17:27:08.310 [IPControllerApp] queue::client '3406de87-61c2-48e7-8bf3-f35bde447637' submitted request '1c6b09f7-a804-4922-a701-59965d2601ab' to 1
2013-03-31 17:27:08.314 [IPControllerApp] queue::request '056060fb-e690-47e7-a44c-2c12a2cbdd8d' completed on 0
2013-03-31 17:27:08.315 [IPControllerApp] queue::request '1c6b09f7-a804-4922-a701-59965d2601ab' completed on 1
2013-03-31 17:28:54.786 [IPControllerApp] queue::client '3406de87-61c2-48e7-8bf3-f35bde447637' submitted request 'b4e79fb5-e00b-476e-8ecc-b2b4c76f0cd7' to 0
2013-03-31 17:28:54.787 [IPControllerApp] queue::client '3406de87-61c2-48e7-8bf3-f35bde447637' submitted request 'b32de8c9-8560-4ad1-b28c-62e1d3fc2bda' to 1
2013-03-31 17:28:54.789 [IPControllerApp] queue::request 'b4e79fb5-e00b-476e-8ecc-b2b4c76f0cd7' completed on 0
2013-03-31 17:28:54.790 [IPControllerApp] queue::request 'b32de8c9-8560-4ad1-b28c-62e1d3fc2bda' completed on 1
2013-03-31 17:29:39.149 [IPControllerApp] queue::client '3406de87-61c2-48e7-8bf3-f35bde447637' submitted request '6daca11c-5cbb-466f-9c57-8cc3d343f682' to 0
2013-03-31 17:29:39.150 [IPControllerApp] queue::client '3406de87-61c2-48e7-8bf3-f35bde447637' submitted request 'e5d22f5e-f73e-4088-b56f-9bfb9519b72e' to 1
2013-03-31 17:29:39.152 [IPControllerApp] queue::request '6daca11c-5cbb-466f-9c57-8cc3d343f682' completed on 0
2013-03-31 17:29:39.152 [IPControllerApp] queue::request 'e5d22f5e-f73e-4088-b56f-9bfb9519b72e' completed on 1
2013-03-31 17:31:20.660 [IPControllerApp] queue::client '3406de87-61c2-48e7-8bf3-f35bde447637' submitted request '9ebf048d-a0f9-45a5-a572-0ef4b6e2cd82' to 1
2013-03-31 17:31:21.184 [IPControllerApp] queue::request '9ebf048d-a0f9-45a5-a572-0ef4b6e2cd82' completed on 1
2013-03-31 17:33:03.414 [IPControllerApp] queue::client '3406de87-61c2-48e7-8bf3-f35bde447637' submitted request '4c9ded18-80e7-4e51-a803-6be331b96c7f' to 0
2013-03-31 17:33:03.415 [IPControllerApp] queue::client '3406de87-61c2-48e7-8bf3-f35bde447637' submitted request '5705f58d-fe3e-4d01-a0e3-47ca3bbf49c6' to 1
2013-03-31 17:33:03.438 [IPControllerApp] queue::request '5705f58d-fe3e-4d01-a0e3-47ca3bbf49c6' completed on 1
2013-03-31 17:33:03.439 [IPControllerApp] queue::request '4c9ded18-80e7-4e51-a803-6be331b96c7f' completed on 0
2013-03-31 17:33:08.501 [IPControllerApp] queue::client '3406de87-61c2-48e7-8bf3-f35bde447637' submitted request 'eb9b89d8-547c-424c-9b75-eb76aca936a1' to 0
2013-03-31 17:33:08.501 [IPControllerApp] queue::client '3406de87-61c2-48e7-8bf3-f35bde447637' submitted request '706430ad-8953-45a7-8493-a03abd6d85dd' to 1
2013-03-31 17:33:08.504 [IPControllerApp] queue::request 'eb9b89d8-547c-424c-9b75-eb76aca936a1' completed on 0
2013-03-31 17:33:08.505 [IPControllerApp] queue::request '706430ad-8953-45a7-8493-a03abd6d85dd' completed on 1
2013-03-31 17:33:09.980 [IPControllerApp] queue::client '3406de87-61c2-48e7-8bf3-f35bde447637' submitted request '3170e1f2-0c1f-4b62-b3f8-2cd8b8b274f1' to 0
2013-03-31 17:33:09.981 [IPControllerApp] queue::client '3406de87-61c2-48e7-8bf3-f35bde447637' submitted request 'a9b4af27-d8c0-487a-bc48-3b1bcb49ede7' to 1
2013-03-31 17:33:10.066 [IPControllerApp] queue::request '3170e1f2-0c1f-4b62-b3f8-2cd8b8b274f1' completed on 0
2013-03-31 17:33:10.067 [IPControllerApp] queue::request 'a9b4af27-d8c0-487a-bc48-3b1bcb49ede7' completed on 1
2013-03-31 17:33:19.103 [IPControllerApp] queue::client '3406de87-61c2-48e7-8bf3-f35bde447637' submitted request 'a3e0108d-a2be-485c-8985-9ae22b93ed8e' to 0
2013-03-31 17:33:19.104 [IPControllerApp] queue::client '3406de87-61c2-48e7-8bf3-f35bde447637' submitted request 'bee64809-753d-4d04-abae-3280dd932875' to 1
2013-03-31 17:33:19.106 [IPControllerApp] queue::request 'a3e0108d-a2be-485c-8985-9ae22b93ed8e' completed on 0
2013-03-31 17:33:19.107 [IPControllerApp] queue::request 'bee64809-753d-4d04-abae-3280dd932875' completed on 1
2013-03-31 17:33:47.054 [IPControllerApp] task::task 'fd0e06ed-6282-423d-8f56-7c3b5999cae9' arrived on 1
2013-03-31 17:33:49.057 [IPControllerApp] task::task 'fd0e06ed-6282-423d-8f56-7c3b5999cae9' finished on 1
2013-03-31 17:35:05.045 [IPControllerApp] task::task 'f214ead6-7ab6-46d4-8873-84d56ec82815' arrived on 0
2013-03-31 17:35:05.046 [IPControllerApp] task::task '3afa9298-e559-4bdc-bd5b-6b9e2f4b2eca' arrived on 1
2013-03-31 17:35:07.050 [IPControllerApp] task::task '52ff9dd2-f5ae-42b7-adf2-addc87da4db7' arrived on 0
2013-03-31 17:35:07.050 [IPControllerApp] task::task 'f214ead6-7ab6-46d4-8873-84d56ec82815' finished on 0
2013-03-31 17:35:07.051 [IPControllerApp] task::task 'ee7c3eb0-37ea-4367-a9a3-4e3cd7b08730' arrived on 1
2013-03-31 17:35:07.052 [IPControllerApp] task::task '3afa9298-e559-4bdc-bd5b-6b9e2f4b2eca' finished on 1
2013-03-31 17:35:09.052 [IPControllerApp] task::task '52ff9dd2-f5ae-42b7-adf2-addc87da4db7' finished on 0
2013-03-31 17:35:09.053 [IPControllerApp] task::task 'ee7c3eb0-37ea-4367-a9a3-4e3cd7b08730' finished on 1
2013-03-31 17:35:29.556 [IPControllerApp] Received signal 2, shutting down
2013-03-31 17:35:29.556 [IPControllerApp] terminating children...
