2013-03-31 17:35:35.196 [IPControllerApp] Hub listening on tcp://127.0.0.1:57949 for registration.
2013-03-31 17:35:35.197 [IPControllerApp] Hub using DB backend: 'NoDB'
2013-03-31 17:35:35.451 [IPControllerApp] hub::created hub
2013-03-31 17:35:35.452 [IPControllerApp] writing connection info to /Users/fabrizio/.ipython/profile_default/security/ipcontroller-client.json
2013-03-31 17:35:35.453 [IPControllerApp] writing connection info to /Users/fabrizio/.ipython/profile_default/security/ipcontroller-engine.json
2013-03-31 17:35:35.453 [IPControllerApp] task::using Python leastload Task scheduler
2013-03-31 17:35:35.453 [IPControllerApp] Heartmonitor started
2013-03-31 17:35:35.460 [IPControllerApp] Creating pid file: /Users/fabrizio/.ipython/profile_default/pid/ipcontroller.pid
2013-03-31 17:35:35.915 [IPControllerApp] client::client '6311b666-f414-4e8e-b5fe-e480126f3afc' requested 'registration_request'
2013-03-31 17:35:36.015 [IPControllerApp] client::client '3128d4b0-6ca1-48ee-a8f0-fa50e239b786' requested 'registration_request'
2013-03-31 17:35:37.511 [IPControllerApp] iopub::IOPub message lacks parent: {'parent_header': {}, 'msg_type': 'stream', 'msg_id': 'f89ab81b-6ee4-4c3f-b04b-334ca29eaa1f', 'content': {'data': '/Library/Python/2.7/site-packages/pytz-2012j-py2.7.egg/pytz/__init__.py:35: UserWarning: Module pytz was already imported from /Library/Python/2.7/site-packages/pytz-2012j-py2.7.egg/pytz/__init__.pyc, but /usr/local/lib/python2.7/site-packages is being added to sys.path\n  from pkg_resources import resource_stream\n', 'name': 'stderr'}, 'header': {'date': datetime.datetime(2013, 3, 31, 17, 35, 37, 510451), 'username': 'fabrizio', 'session': '6311b666-f414-4e8e-b5fe-e480126f3afc', 'msg_id': 'f89ab81b-6ee4-4c3f-b04b-334ca29eaa1f', 'msg_type': 'stream'}, 'buffers': []}
2013-03-31 17:35:37.536 [IPControllerApp] iopub::IOPub message lacks parent: {'parent_header': {}, 'msg_type': 'stream', 'msg_id': '67625567-86cc-4509-b553-3b0b374fba92', 'content': {'data': '/Library/Python/2.7/site-packages/pytz-2012j-py2.7.egg/pytz/__init__.py:35: UserWarning: Module pytz was already imported from /Library/Python/2.7/site-packages/pytz-2012j-py2.7.egg/pytz/__init__.pyc, but /usr/local/lib/python2.7/site-packages is being added to sys.path\n  from pkg_resources import resource_stream\n', 'name': 'stderr'}, 'header': {'date': datetime.datetime(2013, 3, 31, 17, 35, 37, 535036), 'username': 'fabrizio', 'session': '3128d4b0-6ca1-48ee-a8f0-fa50e239b786', 'msg_id': '67625567-86cc-4509-b553-3b0b374fba92', 'msg_type': 'stream'}, 'buffers': []}
2013-03-31 17:35:37.995 [IPControllerApp] client::client 'd22cd7de-02b9-4222-9e27-7c83acabef07' requested 'connection_request'
2013-03-31 17:35:37.995 [IPControllerApp] client::client ['d22cd7de-02b9-4222-9e27-7c83acabef07'] connected
2013-03-31 17:35:41.074 [IPControllerApp] client::client '7d9aae1b-d300-4ba8-8eee-7387c5021a40' requested 'connection_request'
2013-03-31 17:35:41.074 [IPControllerApp] client::client ['7d9aae1b-d300-4ba8-8eee-7387c5021a40'] connected
2013-03-31 17:35:41.453 [IPControllerApp] registration::finished registering engine 1:'3128d4b0-6ca1-48ee-a8f0-fa50e239b786'
2013-03-31 17:35:41.454 [IPControllerApp] engine::Engine Connected: 1
2013-03-31 17:35:41.454 [IPControllerApp] registration::finished registering engine 0:'6311b666-f414-4e8e-b5fe-e480126f3afc'
2013-03-31 17:35:41.455 [IPControllerApp] engine::Engine Connected: 0
2013-03-31 17:35:46.449 [IPControllerApp] client::client '7da02731-6d4f-435f-8ddb-134c5d12423e' requested 'connection_request'
2013-03-31 17:35:46.449 [IPControllerApp] client::client ['7da02731-6d4f-435f-8ddb-134c5d12423e'] connected
2013-03-31 17:35:51.244 [IPControllerApp] queue::client '7da02731-6d4f-435f-8ddb-134c5d12423e' submitted request '8ccbecea-d18c-45c0-bc23-8b9b2b912b2c' to 0
2013-03-31 17:35:51.245 [IPControllerApp] queue::client '7da02731-6d4f-435f-8ddb-134c5d12423e' submitted request 'd786a80b-ae45-4296-b5fd-37c728f4d308' to 1
2013-03-31 17:35:51.251 [IPControllerApp] queue::request 'd786a80b-ae45-4296-b5fd-37c728f4d308' completed on 1
2013-03-31 17:35:51.252 [IPControllerApp] queue::request '8ccbecea-d18c-45c0-bc23-8b9b2b912b2c' completed on 0
2013-03-31 17:35:58.881 [IPControllerApp] queue::client '7da02731-6d4f-435f-8ddb-134c5d12423e' submitted request '91dc4b82-5a45-4af8-9123-684493d8e4b8' to 1
2013-03-31 17:35:58.890 [IPControllerApp] queue::request '91dc4b82-5a45-4af8-9123-684493d8e4b8' completed on 1
2013-03-31 17:36:23.844 [IPControllerApp] queue::client '7da02731-6d4f-435f-8ddb-134c5d12423e' submitted request '78e3e979-6525-4d58-8002-b75408ed78d3' to 0
2013-03-31 17:36:23.845 [IPControllerApp] queue::client '7da02731-6d4f-435f-8ddb-134c5d12423e' submitted request '0fca1e17-d678-4f54-86e2-04c30155cfbb' to 1
2013-03-31 17:36:23.850 [IPControllerApp] queue::request '0fca1e17-d678-4f54-86e2-04c30155cfbb' completed on 1
2013-03-31 17:36:23.851 [IPControllerApp] queue::request '78e3e979-6525-4d58-8002-b75408ed78d3' completed on 0
2013-03-31 17:37:43.713 [IPControllerApp] queue::client '7da02731-6d4f-435f-8ddb-134c5d12423e' submitted request '6335ee5c-a44a-4efd-8467-d56d0dbd0380' to 1
2013-03-31 17:37:43.718 [IPControllerApp] queue::request '6335ee5c-a44a-4efd-8467-d56d0dbd0380' completed on 1
2013-03-31 17:37:45.879 [IPControllerApp] queue::client '7da02731-6d4f-435f-8ddb-134c5d12423e' submitted request '117cce2d-16d1-47cd-8b03-904f40cb4594' to 0
2013-03-31 17:37:45.880 [IPControllerApp] queue::client '7da02731-6d4f-435f-8ddb-134c5d12423e' submitted request '949a4634-7b8a-4ffc-9234-c8ccb5e64dac' to 1
2013-03-31 17:37:45.885 [IPControllerApp] queue::request '117cce2d-16d1-47cd-8b03-904f40cb4594' completed on 0
2013-03-31 17:37:45.886 [IPControllerApp] queue::request '949a4634-7b8a-4ffc-9234-c8ccb5e64dac' completed on 1
2013-03-31 17:38:04.809 [IPControllerApp] queue::client '7da02731-6d4f-435f-8ddb-134c5d12423e' submitted request '78208515-308c-40b5-9aa4-9d94db4b9d39' to 1
2013-03-31 17:38:04.812 [IPControllerApp] queue::request '78208515-308c-40b5-9aa4-9d94db4b9d39' completed on 1
2013-03-31 17:38:05.633 [IPControllerApp] queue::client '7da02731-6d4f-435f-8ddb-134c5d12423e' submitted request 'd171d55e-644d-41ac-be34-54fa05baa89a' to 0
2013-03-31 17:38:05.634 [IPControllerApp] queue::client '7da02731-6d4f-435f-8ddb-134c5d12423e' submitted request 'f23c5e84-e7c3-4904-b295-c69ebcd7b208' to 1
2013-03-31 17:38:05.639 [IPControllerApp] queue::request 'd171d55e-644d-41ac-be34-54fa05baa89a' completed on 0
2013-03-31 17:38:05.639 [IPControllerApp] queue::request 'f23c5e84-e7c3-4904-b295-c69ebcd7b208' completed on 1
2013-03-31 17:38:13.108 [IPControllerApp] queue::client '7da02731-6d4f-435f-8ddb-134c5d12423e' submitted request 'c070e909-c5ff-4f47-ab4a-3e8fc122e95d' to 0
2013-03-31 17:38:13.109 [IPControllerApp] queue::client '7da02731-6d4f-435f-8ddb-134c5d12423e' submitted request '6794b5fa-a5be-40cb-b34f-7ea3d961616f' to 1
2013-03-31 17:38:13.114 [IPControllerApp] queue::request 'c070e909-c5ff-4f47-ab4a-3e8fc122e95d' completed on 0
2013-03-31 17:38:13.115 [IPControllerApp] queue::request '6794b5fa-a5be-40cb-b34f-7ea3d961616f' completed on 1
2013-03-31 17:45:40.898 [IPControllerApp] queue::client '7da02731-6d4f-435f-8ddb-134c5d12423e' submitted request '700129fd-b047-40c5-bf87-92d6d2125af0' to 1
2013-03-31 17:45:40.906 [IPControllerApp] queue::request '700129fd-b047-40c5-bf87-92d6d2125af0' completed on 1
2013-03-31 17:45:53.150 [IPControllerApp] queue::client '7da02731-6d4f-435f-8ddb-134c5d12423e' submitted request '5aef613c-0c4a-4c42-b208-a2fa6f90c228' to 0
2013-03-31 17:45:53.150 [IPControllerApp] queue::client '7da02731-6d4f-435f-8ddb-134c5d12423e' submitted request '261aeb52-f79c-4eaf-8376-846f80dcb9eb' to 1
2013-03-31 17:45:53.170 [IPControllerApp] queue::request '261aeb52-f79c-4eaf-8376-846f80dcb9eb' completed on 1
2013-03-31 17:45:53.170 [IPControllerApp] queue::request '5aef613c-0c4a-4c42-b208-a2fa6f90c228' completed on 0
2013-03-31 17:45:53.627 [IPControllerApp] queue::client '7da02731-6d4f-435f-8ddb-134c5d12423e' submitted request '118f5698-a77f-43db-8d8f-6990da7acbf5' to 0
2013-03-31 17:45:53.628 [IPControllerApp] queue::client '7da02731-6d4f-435f-8ddb-134c5d12423e' submitted request '7267e7d3-a11f-49c0-b75a-703a3ea0d630' to 1
2013-03-31 17:45:53.630 [IPControllerApp] queue::request '118f5698-a77f-43db-8d8f-6990da7acbf5' completed on 0
2013-03-31 17:45:53.631 [IPControllerApp] queue::request '7267e7d3-a11f-49c0-b75a-703a3ea0d630' completed on 1
2013-03-31 17:45:53.633 [IPControllerApp] queue::client '7da02731-6d4f-435f-8ddb-134c5d12423e' submitted request 'c4bcc694-b1fc-4a20-ac81-f893fdbef1c4' to 1
2013-03-31 17:45:53.636 [IPControllerApp] queue::request 'c4bcc694-b1fc-4a20-ac81-f893fdbef1c4' completed on 1
2013-03-31 17:45:56.700 [IPControllerApp] queue::client '7da02731-6d4f-435f-8ddb-134c5d12423e' submitted request '990972c1-a9a6-44d2-8559-560e1581eb44' to 0
2013-03-31 17:45:56.701 [IPControllerApp] queue::client '7da02731-6d4f-435f-8ddb-134c5d12423e' submitted request 'db6f340b-34c2-4f14-84a3-ed6ac046f3b0' to 1
2013-03-31 17:45:56.703 [IPControllerApp] queue::request '990972c1-a9a6-44d2-8559-560e1581eb44' completed on 0
2013-03-31 17:45:56.704 [IPControllerApp] queue::request 'db6f340b-34c2-4f14-84a3-ed6ac046f3b0' completed on 1
2013-03-31 17:45:56.707 [IPControllerApp] queue::client '7da02731-6d4f-435f-8ddb-134c5d12423e' submitted request 'ad52225f-5916-45a6-bae2-80e752251e31' to 1
2013-03-31 17:45:56.709 [IPControllerApp] queue::request 'ad52225f-5916-45a6-bae2-80e752251e31' completed on 1
2013-03-31 17:46:03.511 [IPControllerApp] queue::client '7da02731-6d4f-435f-8ddb-134c5d12423e' submitted request 'd9a28eba-5670-4a8c-8c7d-3e94fedd5b74' to 0
2013-03-31 17:46:03.512 [IPControllerApp] queue::client '7da02731-6d4f-435f-8ddb-134c5d12423e' submitted request '4a805066-d02c-4907-8573-040fc9d8b0d7' to 1
2013-03-31 17:46:03.518 [IPControllerApp] queue::request '4a805066-d02c-4907-8573-040fc9d8b0d7' completed on 1
2013-03-31 17:46:03.518 [IPControllerApp] queue::request 'd9a28eba-5670-4a8c-8c7d-3e94fedd5b74' completed on 0
2013-03-31 17:46:08.722 [IPControllerApp] queue::client '7da02731-6d4f-435f-8ddb-134c5d12423e' submitted request '203b28f7-2ec9-4e0e-9425-d32d1be2f824' to 0
2013-03-31 17:46:08.722 [IPControllerApp] queue::client '7da02731-6d4f-435f-8ddb-134c5d12423e' submitted request 'be9df4a0-a5aa-4d43-b534-d0022e3a62ca' to 1
2013-03-31 17:46:08.728 [IPControllerApp] queue::request 'be9df4a0-a5aa-4d43-b534-d0022e3a62ca' completed on 1
2013-03-31 17:46:08.730 [IPControllerApp] queue::request '203b28f7-2ec9-4e0e-9425-d32d1be2f824' completed on 0
2013-03-31 17:46:10.371 [IPControllerApp] queue::client '7da02731-6d4f-435f-8ddb-134c5d12423e' submitted request '429b0442-cdc0-4737-850b-50666fa60d08' to 0
2013-03-31 17:46:10.372 [IPControllerApp] queue::client '7da02731-6d4f-435f-8ddb-134c5d12423e' submitted request '7c29877e-af7a-4a1e-aa17-41e79467e9ac' to 1
2013-03-31 17:46:10.375 [IPControllerApp] queue::request '429b0442-cdc0-4737-850b-50666fa60d08' completed on 0
2013-03-31 17:46:10.376 [IPControllerApp] queue::request '7c29877e-af7a-4a1e-aa17-41e79467e9ac' completed on 1
2013-03-31 17:46:10.378 [IPControllerApp] queue::client '7da02731-6d4f-435f-8ddb-134c5d12423e' submitted request '184c31c9-ad9a-4d47-aa6a-e283510e55d4' to 1
2013-03-31 17:46:10.380 [IPControllerApp] queue::request '184c31c9-ad9a-4d47-aa6a-e283510e55d4' completed on 1
2013-03-31 17:46:21.391 [IPControllerApp] queue::client '7da02731-6d4f-435f-8ddb-134c5d12423e' submitted request '19427e6a-e4e7-43d2-807d-6dd6926ab579' to 0
2013-03-31 17:46:21.391 [IPControllerApp] queue::client '7da02731-6d4f-435f-8ddb-134c5d12423e' submitted request '138991a2-76e0-4655-ade9-46e84e01c9ee' to 1
2013-03-31 17:46:21.394 [IPControllerApp] queue::request '19427e6a-e4e7-43d2-807d-6dd6926ab579' completed on 0
2013-03-31 17:46:21.395 [IPControllerApp] queue::request '138991a2-76e0-4655-ade9-46e84e01c9ee' completed on 1
2013-03-31 17:46:23.006 [IPControllerApp] queue::client '7da02731-6d4f-435f-8ddb-134c5d12423e' submitted request 'f2bd5c16-efb9-49b6-aaf4-e494e8d3c7ea' to 1
2013-03-31 17:46:23.071 [IPControllerApp] queue::request 'f2bd5c16-efb9-49b6-aaf4-e494e8d3c7ea' completed on 1
2013-03-31 17:46:25.803 [IPControllerApp] queue::client '7da02731-6d4f-435f-8ddb-134c5d12423e' submitted request 'c857aeed-e2f5-4111-82a1-0f00fe187f28' to 0
2013-03-31 17:46:25.804 [IPControllerApp] queue::client '7da02731-6d4f-435f-8ddb-134c5d12423e' submitted request '8f6f31a2-7690-4201-bd93-b1c12664876e' to 1
2013-03-31 17:46:25.806 [IPControllerApp] queue::request 'c857aeed-e2f5-4111-82a1-0f00fe187f28' completed on 0
2013-03-31 17:46:25.807 [IPControllerApp] queue::request '8f6f31a2-7690-4201-bd93-b1c12664876e' completed on 1
2013-03-31 17:46:26.555 [IPControllerApp] queue::client '7da02731-6d4f-435f-8ddb-134c5d12423e' submitted request 'ce28ba98-6350-4d60-b655-cea4c28fb1ae' to 0
2013-03-31 17:46:26.556 [IPControllerApp] queue::client '7da02731-6d4f-435f-8ddb-134c5d12423e' submitted request 'af5e58bb-9dfd-4811-99be-e1de786b8811' to 1
2013-03-31 17:46:26.559 [IPControllerApp] queue::request 'ce28ba98-6350-4d60-b655-cea4c28fb1ae' completed on 0
2013-03-31 17:46:26.559 [IPControllerApp] queue::request 'af5e58bb-9dfd-4811-99be-e1de786b8811' completed on 1
2013-03-31 17:46:26.561 [IPControllerApp] queue::client '7da02731-6d4f-435f-8ddb-134c5d12423e' submitted request '5bf02ea6-3770-4997-85de-f7190246fc58' to 1
2013-03-31 17:46:26.563 [IPControllerApp] queue::request '5bf02ea6-3770-4997-85de-f7190246fc58' completed on 1
2013-03-31 17:46:34.298 [IPControllerApp] queue::client '7da02731-6d4f-435f-8ddb-134c5d12423e' submitted request 'e7fe6115-0720-4e76-83c3-e84021c6cfb2' to 0
2013-03-31 17:46:34.299 [IPControllerApp] queue::client '7da02731-6d4f-435f-8ddb-134c5d12423e' submitted request '0224330c-4264-4134-aa01-7d7318c0aa67' to 1
2013-03-31 17:46:34.327 [IPControllerApp] queue::request '0224330c-4264-4134-aa01-7d7318c0aa67' completed on 1
2013-03-31 17:46:34.362 [IPControllerApp] queue::request 'e7fe6115-0720-4e76-83c3-e84021c6cfb2' completed on 0
2013-03-31 17:46:35.490 [IPControllerApp] queue::client '7da02731-6d4f-435f-8ddb-134c5d12423e' submitted request '55c44b60-b913-4f55-b5ce-dd6d0568eb8e' to 0
2013-03-31 17:46:35.491 [IPControllerApp] queue::client '7da02731-6d4f-435f-8ddb-134c5d12423e' submitted request 'a6160b14-a52d-4f41-8427-ea1d984a6520' to 1
2013-03-31 17:46:35.493 [IPControllerApp] queue::request '55c44b60-b913-4f55-b5ce-dd6d0568eb8e' completed on 0
2013-03-31 17:46:35.494 [IPControllerApp] queue::request 'a6160b14-a52d-4f41-8427-ea1d984a6520' completed on 1
2013-03-31 17:46:36.072 [IPControllerApp] queue::client '7da02731-6d4f-435f-8ddb-134c5d12423e' submitted request '7ff51214-ff71-41d8-8706-0afbb44633f5' to 0
2013-03-31 17:46:36.072 [IPControllerApp] queue::client '7da02731-6d4f-435f-8ddb-134c5d12423e' submitted request 'd0a7a6ae-bba9-4ecb-8d3b-67c83ec78eff' to 1
2013-03-31 17:46:36.075 [IPControllerApp] queue::request '7ff51214-ff71-41d8-8706-0afbb44633f5' completed on 0
2013-03-31 17:46:36.075 [IPControllerApp] queue::request 'd0a7a6ae-bba9-4ecb-8d3b-67c83ec78eff' completed on 1
2013-03-31 17:46:36.078 [IPControllerApp] queue::client '7da02731-6d4f-435f-8ddb-134c5d12423e' submitted request 'e7497bbd-f1a5-46e3-a2a9-ca37f171b6ee' to 1
2013-03-31 17:46:36.080 [IPControllerApp] queue::request 'e7497bbd-f1a5-46e3-a2a9-ca37f171b6ee' completed on 1
2013-03-31 17:51:13.353 [IPControllerApp] client::client 'ac783d88-cb05-49d1-9663-ad4e0ad03abc' requested 'connection_request'
2013-03-31 17:51:13.353 [IPControllerApp] client::client ['ac783d88-cb05-49d1-9663-ad4e0ad03abc'] connected
2013-03-31 17:51:23.774 [IPControllerApp] client::client 'dd8f7ee5-957c-4fb2-95ef-c57403b33b87' requested 'connection_request'
2013-03-31 17:51:23.774 [IPControllerApp] client::client ['dd8f7ee5-957c-4fb2-95ef-c57403b33b87'] connected
2013-03-31 17:51:23.783 [IPControllerApp] task::task 'c0c5d6ce-af09-48b2-8911-1d030137797d' arrived on 0
2013-03-31 17:51:23.784 [IPControllerApp] task::task 'e6b448ee-360d-483e-8c81-fa8a91a2b8b9' arrived on 1
2013-03-31 17:51:24.308 [IPControllerApp] task::task '7f7580eb-2ceb-4489-a753-cee2cc040d15' arrived on 0
2013-03-31 17:51:24.309 [IPControllerApp] task::task 'c0c5d6ce-af09-48b2-8911-1d030137797d' finished on 0
2013-03-31 17:51:24.309 [IPControllerApp] task::task '3d7b6c20-eecb-4f46-96d8-9041f813831a' arrived on 1
2013-03-31 17:51:24.310 [IPControllerApp] task::task 'e6b448ee-360d-483e-8c81-fa8a91a2b8b9' finished on 1
2013-03-31 17:51:24.616 [IPControllerApp] task::task 'e2f48cbb-2b36-40ce-b937-86d611c92104' arrived on 1
2013-03-31 17:51:24.616 [IPControllerApp] task::task '3d7b6c20-eecb-4f46-96d8-9041f813831a' finished on 1
2013-03-31 17:51:24.617 [IPControllerApp] task::task '420b1b61-1c73-48c7-96de-df01b347a7d1' arrived on 0
2013-03-31 17:51:24.617 [IPControllerApp] task::task '7f7580eb-2ceb-4489-a753-cee2cc040d15' finished on 0
2013-03-31 17:51:24.837 [IPControllerApp] task::task '14c44f2c-2c06-4c1a-af73-baa4ffc3068d' arrived on 0
2013-03-31 17:51:24.837 [IPControllerApp] task::task '420b1b61-1c73-48c7-96de-df01b347a7d1' finished on 0
2013-03-31 17:51:24.919 [IPControllerApp] task::task 'e40e0bdd-a9ab-46d5-a10a-495d8b8e3098' arrived on 1
2013-03-31 17:51:24.919 [IPControllerApp] task::task 'e2f48cbb-2b36-40ce-b937-86d611c92104' finished on 1
2013-03-31 17:51:25.060 [IPControllerApp] task::task 'f8d4f603-fc32-42d0-9f06-d49ea42dfa70' arrived on 0
2013-03-31 17:51:25.061 [IPControllerApp] task::task '14c44f2c-2c06-4c1a-af73-baa4ffc3068d' finished on 0
2013-03-31 17:51:25.139 [IPControllerApp] task::task '3d3ba308-4cea-4075-8a94-06f8270f4bdb' arrived on 1
2013-03-31 17:51:25.139 [IPControllerApp] task::task 'e40e0bdd-a9ab-46d5-a10a-495d8b8e3098' finished on 1
2013-03-31 17:51:25.284 [IPControllerApp] task::task '16c052a5-e742-4927-9e46-3b8f8bf63136' arrived on 0
2013-03-31 17:51:25.284 [IPControllerApp] task::task 'f8d4f603-fc32-42d0-9f06-d49ea42dfa70' finished on 0
2013-03-31 17:51:25.364 [IPControllerApp] task::task 'ad63efc9-3c0d-4ee3-bbff-46eef01a9a12' arrived on 1
2013-03-31 17:51:25.364 [IPControllerApp] task::task '3d3ba308-4cea-4075-8a94-06f8270f4bdb' finished on 1
2013-03-31 17:51:25.663 [IPControllerApp] task::task 'd47804dc-5e5f-4199-86db-cccef440e081' arrived on 0
2013-03-31 17:51:25.664 [IPControllerApp] task::task '16c052a5-e742-4927-9e46-3b8f8bf63136' finished on 0
2013-03-31 17:51:25.742 [IPControllerApp] task::task '6c4bde5d-5120-460e-a8f2-b07d10993e38' arrived on 1
2013-03-31 17:51:25.743 [IPControllerApp] task::task 'ad63efc9-3c0d-4ee3-bbff-46eef01a9a12' finished on 1
2013-03-31 17:51:26.043 [IPControllerApp] task::task '0a0eef48-feae-48a0-8910-d116856e994d' arrived on 0
2013-03-31 17:51:26.043 [IPControllerApp] task::task 'd47804dc-5e5f-4199-86db-cccef440e081' finished on 0
2013-03-31 17:51:26.124 [IPControllerApp] task::task '10b83f07-1776-440c-b3b7-af2ddad5dc44' arrived on 1
2013-03-31 17:51:26.124 [IPControllerApp] task::task '6c4bde5d-5120-460e-a8f2-b07d10993e38' finished on 1
2013-03-31 17:51:26.419 [IPControllerApp] task::task 'a7f7d2af-0e5d-447a-a8c0-b6933fdc533d' arrived on 0
2013-03-31 17:51:26.419 [IPControllerApp] task::task '0a0eef48-feae-48a0-8910-d116856e994d' finished on 0
2013-03-31 17:51:26.551 [IPControllerApp] task::task '3049af0a-cd84-4128-a19b-83333f214c86' arrived on 1
2013-03-31 17:51:26.552 [IPControllerApp] task::task '10b83f07-1776-440c-b3b7-af2ddad5dc44' finished on 1
2013-03-31 17:51:26.847 [IPControllerApp] task::task 'd447d9e6-83ab-4310-b9b0-17510b311834' arrived on 0
2013-03-31 17:51:26.847 [IPControllerApp] task::task 'a7f7d2af-0e5d-447a-a8c0-b6933fdc533d' finished on 0
2013-03-31 17:51:26.982 [IPControllerApp] task::task 'c044af13-6619-461b-9691-3b4be50950d4' arrived on 1
2013-03-31 17:51:26.982 [IPControllerApp] task::task '3049af0a-cd84-4128-a19b-83333f214c86' finished on 1
2013-03-31 17:51:27.278 [IPControllerApp] task::task '67edb1d5-44ca-4010-abae-b5a52ea52e58' arrived on 0
2013-03-31 17:51:27.279 [IPControllerApp] task::task 'd447d9e6-83ab-4310-b9b0-17510b311834' finished on 0
2013-03-31 17:51:27.409 [IPControllerApp] task::task '94b80d13-8aeb-475a-9d3d-3d4b2a68c12f' arrived on 1
2013-03-31 17:51:27.409 [IPControllerApp] task::task 'c044af13-6619-461b-9691-3b4be50950d4' finished on 1
2013-03-31 17:51:27.625 [IPControllerApp] task::task '10305516-e312-4d8a-ac0f-b32be17b0d2d' arrived on 0
2013-03-31 17:51:27.626 [IPControllerApp] task::task '67edb1d5-44ca-4010-abae-b5a52ea52e58' finished on 0
2013-03-31 17:51:27.758 [IPControllerApp] task::task '3bf46a67-00af-4604-af71-5f266c4d13d2' arrived on 1
2013-03-31 17:51:27.758 [IPControllerApp] task::task '94b80d13-8aeb-475a-9d3d-3d4b2a68c12f' finished on 1
2013-03-31 17:51:27.977 [IPControllerApp] task::task 'dc5e701a-5c8d-4144-a4c7-df2754d7e2f4' arrived on 0
2013-03-31 17:51:27.977 [IPControllerApp] task::task '10305516-e312-4d8a-ac0f-b32be17b0d2d' finished on 0
2013-03-31 17:51:28.126 [IPControllerApp] task::task 'ae68b75b-9212-4bf3-af1c-0fad783faea2' arrived on 1
2013-03-31 17:51:28.126 [IPControllerApp] task::task '3bf46a67-00af-4604-af71-5f266c4d13d2' finished on 1
2013-03-31 17:51:28.260 [IPControllerApp] task::task '1f7f1ebe-d6b5-4783-8c21-0dac97da6b91' arrived on 1
2013-03-31 17:51:28.261 [IPControllerApp] task::task 'ae68b75b-9212-4bf3-af1c-0fad783faea2' finished on 1
2013-03-31 17:51:28.357 [IPControllerApp] task::task 'c848943f-c195-4736-99f8-2e4c6c760d12' arrived on 0
2013-03-31 17:51:28.358 [IPControllerApp] task::task 'dc5e701a-5c8d-4144-a4c7-df2754d7e2f4' finished on 0
2013-03-31 17:51:28.392 [IPControllerApp] task::task 'da8e55ef-058f-42ad-8538-5c3177deca57' arrived on 1
2013-03-31 17:51:28.393 [IPControllerApp] task::task '1f7f1ebe-d6b5-4783-8c21-0dac97da6b91' finished on 1
2013-03-31 17:51:28.488 [IPControllerApp] task::task '5306ee57-10bc-475c-8161-c6db83a6d384' arrived on 0
2013-03-31 17:51:28.488 [IPControllerApp] task::task 'c848943f-c195-4736-99f8-2e4c6c760d12' finished on 0
2013-03-31 17:51:28.523 [IPControllerApp] task::task '7f93e82e-8107-44c5-bb28-badc2b12d9d1' arrived on 1
2013-03-31 17:51:28.524 [IPControllerApp] task::task 'da8e55ef-058f-42ad-8538-5c3177deca57' finished on 1
2013-03-31 17:51:28.612 [IPControllerApp] task::task 'd361d527-9b6d-4868-b4ed-53045909c6eb' arrived on 0
2013-03-31 17:51:28.613 [IPControllerApp] task::task '5306ee57-10bc-475c-8161-c6db83a6d384' finished on 0
2013-03-31 17:51:28.659 [IPControllerApp] task::task '28963a83-861b-4a63-9953-84c81999a3f4' arrived on 1
2013-03-31 17:51:28.659 [IPControllerApp] task::task '7f93e82e-8107-44c5-bb28-badc2b12d9d1' finished on 1
2013-03-31 17:51:28.747 [IPControllerApp] task::task '1a471ecd-111c-4872-8171-aa96e7513510' arrived on 0
2013-03-31 17:51:28.748 [IPControllerApp] task::task 'd361d527-9b6d-4868-b4ed-53045909c6eb' finished on 0
2013-03-31 17:51:28.807 [IPControllerApp] task::task '8aa0ebd5-0195-4bf2-8a54-773f472c9384' arrived on 1
2013-03-31 17:51:28.808 [IPControllerApp] task::task '28963a83-861b-4a63-9953-84c81999a3f4' finished on 1
2013-03-31 17:51:28.902 [IPControllerApp] task::task 'fe435e11-4205-4cd4-a36d-10a63b31ae19' arrived on 0
2013-03-31 17:51:28.903 [IPControllerApp] task::task '1a471ecd-111c-4872-8171-aa96e7513510' finished on 0
2013-03-31 17:51:28.947 [IPControllerApp] task::task 'c549924f-93a6-442d-9308-560e59140cf3' arrived on 1
2013-03-31 17:51:28.947 [IPControllerApp] task::task '8aa0ebd5-0195-4bf2-8a54-773f472c9384' finished on 1
2013-03-31 17:51:29.313 [IPControllerApp] task::task '61df025e-10e6-411e-a8db-f43208fe58e6' arrived on 0
2013-03-31 17:51:29.313 [IPControllerApp] task::task 'fe435e11-4205-4cd4-a36d-10a63b31ae19' finished on 0
2013-03-31 17:51:29.355 [IPControllerApp] task::task '4fc96cde-cac7-48fc-8894-118205277847' arrived on 1
2013-03-31 17:51:29.355 [IPControllerApp] task::task 'c549924f-93a6-442d-9308-560e59140cf3' finished on 1
2013-03-31 17:51:29.724 [IPControllerApp] task::task 'de38258f-012d-44fb-ac8c-afb13cbac8c6' arrived on 0
2013-03-31 17:51:29.724 [IPControllerApp] task::task '61df025e-10e6-411e-a8db-f43208fe58e6' finished on 0
2013-03-31 17:51:29.763 [IPControllerApp] task::task '4fd67acb-7cd8-4a08-9758-49365ab33f87' arrived on 1
2013-03-31 17:51:29.764 [IPControllerApp] task::task '4fc96cde-cac7-48fc-8894-118205277847' finished on 1
2013-03-31 17:51:30.130 [IPControllerApp] task::task '08c9f0ce-c6e9-4a80-8492-5626ac13cb99' arrived on 0
2013-03-31 17:51:30.130 [IPControllerApp] task::task 'de38258f-012d-44fb-ac8c-afb13cbac8c6' finished on 0
2013-03-31 17:51:30.218 [IPControllerApp] task::task '423d0739-d128-453e-801d-9a5698d16097' arrived on 1
2013-03-31 17:51:30.219 [IPControllerApp] task::task '4fd67acb-7cd8-4a08-9758-49365ab33f87' finished on 1
2013-03-31 17:51:30.585 [IPControllerApp] task::task 'bce27ba2-de38-4bd5-8894-e7fa59725520' arrived on 0
2013-03-31 17:51:30.586 [IPControllerApp] task::task '08c9f0ce-c6e9-4a80-8492-5626ac13cb99' finished on 0
2013-03-31 17:51:30.676 [IPControllerApp] task::task 'b462865b-58ef-43cd-b466-0385e270086d' arrived on 1
2013-03-31 17:51:30.677 [IPControllerApp] task::task '423d0739-d128-453e-801d-9a5698d16097' finished on 1
2013-03-31 17:51:31.050 [IPControllerApp] task::task '9972f87b-205a-4ef3-a1be-fe0e62d0b18e' arrived on 0
2013-03-31 17:51:31.051 [IPControllerApp] task::task 'bce27ba2-de38-4bd5-8894-e7fa59725520' finished on 0
2013-03-31 17:51:31.140 [IPControllerApp] task::task '02fbf3ee-363c-42b6-b647-40e07388fbfc' arrived on 1
2013-03-31 17:51:31.140 [IPControllerApp] task::task 'b462865b-58ef-43cd-b466-0385e270086d' finished on 1
2013-03-31 17:51:31.405 [IPControllerApp] task::task 'b6c507c2-41c0-43e1-a6a5-773e17fe4d10' arrived on 0
2013-03-31 17:51:31.406 [IPControllerApp] task::task '9972f87b-205a-4ef3-a1be-fe0e62d0b18e' finished on 0
2013-03-31 17:51:31.498 [IPControllerApp] task::task '53c4729b-095c-4959-bf49-462f0b49addf' arrived on 1
2013-03-31 17:51:31.499 [IPControllerApp] task::task '02fbf3ee-363c-42b6-b647-40e07388fbfc' finished on 1
2013-03-31 17:51:31.766 [IPControllerApp] task::task 'b1a6343c-2704-4cda-9b15-7fbd9f96de5e' arrived on 0
2013-03-31 17:51:31.766 [IPControllerApp] task::task 'b6c507c2-41c0-43e1-a6a5-773e17fe4d10' finished on 0
2013-03-31 17:51:31.853 [IPControllerApp] task::task '4c8a5f0d-0e66-4091-9339-fa8c650753a7' arrived on 1
2013-03-31 17:51:31.853 [IPControllerApp] task::task '53c4729b-095c-4959-bf49-462f0b49addf' finished on 1
2013-03-31 17:51:31.929 [IPControllerApp] task::task 'a76c0d39-ad3d-4960-b341-fb3e51928fec' arrived on 1
2013-03-31 17:51:31.930 [IPControllerApp] task::task '4c8a5f0d-0e66-4091-9339-fa8c650753a7' finished on 1
2013-03-31 17:51:32.003 [IPControllerApp] task::task '3851c788-eff4-4f61-aae6-bfd3658b70e9' arrived on 1
2013-03-31 17:51:32.004 [IPControllerApp] task::task 'a76c0d39-ad3d-4960-b341-fb3e51928fec' finished on 1
2013-03-31 17:51:32.078 [IPControllerApp] task::task 'ec33f8d5-5524-419a-9324-0ac5c4b0d7f8' arrived on 1
2013-03-31 17:51:32.079 [IPControllerApp] task::task '3851c788-eff4-4f61-aae6-bfd3658b70e9' finished on 1
2013-03-31 17:51:32.124 [IPControllerApp] task::task '4e08ecc8-02f8-4d57-98e7-660296a86f7b' arrived on 0
2013-03-31 17:51:32.124 [IPControllerApp] task::task 'b1a6343c-2704-4cda-9b15-7fbd9f96de5e' finished on 0
2013-03-31 17:51:32.153 [IPControllerApp] task::task 'c7d1a63d-2625-4c77-be24-28b871e7aad0' arrived on 1
2013-03-31 17:51:32.154 [IPControllerApp] task::task 'ec33f8d5-5524-419a-9324-0ac5c4b0d7f8' finished on 1
2013-03-31 17:51:32.198 [IPControllerApp] task::task 'ecdc8612-f787-4328-8d86-c113ff7cbc5a' arrived on 0
2013-03-31 17:51:32.199 [IPControllerApp] task::task '4e08ecc8-02f8-4d57-98e7-660296a86f7b' finished on 0
2013-03-31 17:51:32.290 [IPControllerApp] task::task '448c12d4-4ce3-442a-bffc-2bfd0abfb16a' arrived on 1
2013-03-31 17:51:32.291 [IPControllerApp] task::task 'c7d1a63d-2625-4c77-be24-28b871e7aad0' finished on 1
2013-03-31 17:51:32.329 [IPControllerApp] task::task '6252c142-bd21-4b02-8a59-b5d0f0ff708e' arrived on 0
2013-03-31 17:51:32.330 [IPControllerApp] task::task 'ecdc8612-f787-4328-8d86-c113ff7cbc5a' finished on 0
2013-03-31 17:51:32.422 [IPControllerApp] task::task '799ee1a9-f65f-4b2f-8e93-f4bf3235952e' arrived on 1
2013-03-31 17:51:32.423 [IPControllerApp] task::task '448c12d4-4ce3-442a-bffc-2bfd0abfb16a' finished on 1
2013-03-31 17:51:32.461 [IPControllerApp] task::task '79dda242-0e4e-491c-9aa6-105c118fc631' arrived on 0
2013-03-31 17:51:32.462 [IPControllerApp] task::task '6252c142-bd21-4b02-8a59-b5d0f0ff708e' finished on 0
2013-03-31 17:51:32.554 [IPControllerApp] task::task '83dd4a04-cca1-4313-b9ad-821c2f3b7ad3' arrived on 1
2013-03-31 17:51:32.555 [IPControllerApp] task::task '799ee1a9-f65f-4b2f-8e93-f4bf3235952e' finished on 1
2013-03-31 17:51:32.868 [IPControllerApp] task::task '894d3149-b30f-4d2a-ba95-a3ee2a72d40c' arrived on 0
2013-03-31 17:51:32.869 [IPControllerApp] task::task '79dda242-0e4e-491c-9aa6-105c118fc631' finished on 0
2013-03-31 17:51:32.958 [IPControllerApp] task::task '76440f2d-ac38-49a7-881b-e9c7e2f3ed02' arrived on 1
2013-03-31 17:51:32.959 [IPControllerApp] task::task '83dd4a04-cca1-4313-b9ad-821c2f3b7ad3' finished on 1
2013-03-31 17:51:33.276 [IPControllerApp] task::task '5a87f4df-1e54-4b35-8fdb-bc2f6d40708d' arrived on 0
2013-03-31 17:51:33.276 [IPControllerApp] task::task '894d3149-b30f-4d2a-ba95-a3ee2a72d40c' finished on 0
2013-03-31 17:51:33.364 [IPControllerApp] task::task '1cc2b14e-57b1-4a70-80da-98581ad37d21' arrived on 1
2013-03-31 17:51:33.365 [IPControllerApp] task::task '76440f2d-ac38-49a7-881b-e9c7e2f3ed02' finished on 1
2013-03-31 17:51:33.680 [IPControllerApp] task::task 'f7989d9d-9184-4158-8b9b-bb8223d0d936' arrived on 0
2013-03-31 17:51:33.681 [IPControllerApp] task::task '5a87f4df-1e54-4b35-8fdb-bc2f6d40708d' finished on 0
2013-03-31 17:51:33.835 [IPControllerApp] task::task '49de82f7-f2e5-48ed-96a3-6497a1addc6f' arrived on 1
2013-03-31 17:51:33.836 [IPControllerApp] task::task '1cc2b14e-57b1-4a70-80da-98581ad37d21' finished on 1
2013-03-31 17:51:34.145 [IPControllerApp] task::task '9eed26e3-bd4e-4cc5-908d-34f142879211' arrived on 0
2013-03-31 17:51:34.146 [IPControllerApp] task::task 'f7989d9d-9184-4158-8b9b-bb8223d0d936' finished on 0
2013-03-31 17:51:34.312 [IPControllerApp] task::task '8e87d4ee-b05b-4429-af15-ce389778cba9' arrived on 1
2013-03-31 17:51:34.313 [IPControllerApp] task::task '49de82f7-f2e5-48ed-96a3-6497a1addc6f' finished on 1
2013-03-31 17:51:34.628 [IPControllerApp] task::task 'd01e8f6c-5387-4733-901f-5280ab71b089' arrived on 0
2013-03-31 17:51:34.628 [IPControllerApp] task::task '9eed26e3-bd4e-4cc5-908d-34f142879211' finished on 0
2013-03-31 17:51:34.779 [IPControllerApp] task::task 'e8b43e66-6b86-4ca3-a213-7190f634865c' arrived on 1
2013-03-31 17:51:34.780 [IPControllerApp] task::task '8e87d4ee-b05b-4429-af15-ce389778cba9' finished on 1
2013-03-31 17:51:35.003 [IPControllerApp] task::task '05307ad8-9bae-4ec3-80ed-270e220a5610' arrived on 0
2013-03-31 17:51:35.004 [IPControllerApp] task::task 'd01e8f6c-5387-4733-901f-5280ab71b089' finished on 0
2013-03-31 17:51:35.148 [IPControllerApp] task::task '06bcfd21-4095-4e77-af33-442d02b3a19f' arrived on 1
2013-03-31 17:51:35.149 [IPControllerApp] task::task 'e8b43e66-6b86-4ca3-a213-7190f634865c' finished on 1
2013-03-31 17:51:35.379 [IPControllerApp] task::task '129ea3a4-5223-47c1-8956-23b2bc1d2ad1' arrived on 0
2013-03-31 17:51:35.379 [IPControllerApp] task::task '05307ad8-9bae-4ec3-80ed-270e220a5610' finished on 0
2013-03-31 17:51:35.525 [IPControllerApp] task::task 'c082cbe8-933c-47ff-8878-ae882633e175' arrived on 1
2013-03-31 17:51:35.526 [IPControllerApp] task::task '06bcfd21-4095-4e77-af33-442d02b3a19f' finished on 1
2013-03-31 17:51:35.598 [IPControllerApp] task::task 'f17d62c3-f5c4-4a97-aef5-c8f8503debdb' arrived on 1
2013-03-31 17:51:35.598 [IPControllerApp] task::task 'c082cbe8-933c-47ff-8878-ae882633e175' finished on 1
2013-03-31 17:51:35.672 [IPControllerApp] task::task 'f74bf737-924a-452e-81fe-7f642ee0de66' arrived on 1
2013-03-31 17:51:35.672 [IPControllerApp] task::task 'f17d62c3-f5c4-4a97-aef5-c8f8503debdb' finished on 1
2013-03-31 17:51:35.744 [IPControllerApp] task::task 'dc415d0d-58ba-415b-adf7-b83127b249c8' arrived on 1
2013-03-31 17:51:35.745 [IPControllerApp] task::task 'f74bf737-924a-452e-81fe-7f642ee0de66' finished on 1
2013-03-31 17:51:35.751 [IPControllerApp] task::task '9833a3fe-4cfa-49d1-84f6-28613a694b25' arrived on 0
2013-03-31 17:51:35.752 [IPControllerApp] task::task '129ea3a4-5223-47c1-8956-23b2bc1d2ad1' finished on 0
2013-03-31 17:51:35.818 [IPControllerApp] task::task '723e57a0-2ab7-4c88-97ea-b94a657e2d46' arrived on 1
2013-03-31 17:51:35.819 [IPControllerApp] task::task 'dc415d0d-58ba-415b-adf7-b83127b249c8' finished on 1
2013-03-31 17:51:35.822 [IPControllerApp] task::task '5b4cfa0b-42da-4c12-bd79-2bb98fe5f5e6' arrived on 0
2013-03-31 17:51:35.822 [IPControllerApp] task::task '9833a3fe-4cfa-49d1-84f6-28613a694b25' finished on 0
2013-03-31 17:51:35.952 [IPControllerApp] task::task '6d803080-f0f6-4811-be2c-c4898e7ca3a1' arrived on 1
2013-03-31 17:51:35.953 [IPControllerApp] task::task '723e57a0-2ab7-4c88-97ea-b94a657e2d46' finished on 1
2013-03-31 17:51:35.954 [IPControllerApp] task::task 'e12e0dba-ed2d-4718-b18c-e1dca7ce6b95' arrived on 0
2013-03-31 17:51:35.954 [IPControllerApp] task::task '5b4cfa0b-42da-4c12-bd79-2bb98fe5f5e6' finished on 0
2013-03-31 17:51:36.091 [IPControllerApp] task::task '4ce85051-2f3c-4e78-83f4-dece0d70ab8e' arrived on 0
2013-03-31 17:51:36.091 [IPControllerApp] task::task 'e12e0dba-ed2d-4718-b18c-e1dca7ce6b95' finished on 0
2013-03-31 17:51:36.092 [IPControllerApp] task::task 'b7242510-4d26-450c-9b63-58534d67f05c' arrived on 1
2013-03-31 17:51:36.092 [IPControllerApp] task::task '6d803080-f0f6-4811-be2c-c4898e7ca3a1' finished on 1
2013-03-31 17:51:36.225 [IPControllerApp] task::task '5056c76f-306f-4222-b6dc-42b493ef3578' arrived on 0
2013-03-31 17:51:36.225 [IPControllerApp] task::task '4ce85051-2f3c-4e78-83f4-dece0d70ab8e' finished on 0
2013-03-31 17:51:36.497 [IPControllerApp] task::task 'e1ed1f71-e27e-4ef8-bae2-967f4e46532c' arrived on 1
2013-03-31 17:51:36.497 [IPControllerApp] task::task 'b7242510-4d26-450c-9b63-58534d67f05c' finished on 1
2013-03-31 17:51:36.631 [IPControllerApp] task::task '3a64f594-df3f-49ee-99e9-ced8694cba42' arrived on 0
2013-03-31 17:51:36.632 [IPControllerApp] task::task '5056c76f-306f-4222-b6dc-42b493ef3578' finished on 0
2013-03-31 17:51:36.903 [IPControllerApp] task::task 'f444c6bf-bc12-4d59-8ea1-03aedebb13fc' arrived on 1
2013-03-31 17:51:36.904 [IPControllerApp] task::task 'e1ed1f71-e27e-4ef8-bae2-967f4e46532c' finished on 1
2013-03-31 17:51:37.043 [IPControllerApp] task::task 'dd46a0be-56e4-430b-a689-4b6c0aa2406b' arrived on 0
2013-03-31 17:51:37.044 [IPControllerApp] task::task '3a64f594-df3f-49ee-99e9-ced8694cba42' finished on 0
2013-03-31 17:51:37.309 [IPControllerApp] task::task '6f2f8da2-732d-4994-b436-0aca84ff3f17' arrived on 1
2013-03-31 17:51:37.309 [IPControllerApp] task::task 'f444c6bf-bc12-4d59-8ea1-03aedebb13fc' finished on 1
2013-03-31 17:51:37.516 [IPControllerApp] task::task 'd6dcee74-b1b8-40f8-bcdf-8583d888f6e3' arrived on 0
2013-03-31 17:51:37.517 [IPControllerApp] task::task 'dd46a0be-56e4-430b-a689-4b6c0aa2406b' finished on 0
2013-03-31 17:51:37.772 [IPControllerApp] task::task 'dc6c3f67-abc7-4990-a6ce-ae63d03a016f' arrived on 1
2013-03-31 17:51:37.772 [IPControllerApp] task::task '6f2f8da2-732d-4994-b436-0aca84ff3f17' finished on 1
2013-03-31 17:51:37.994 [IPControllerApp] task::task 'be650bb1-c4d1-4b4e-b099-21324b32c59a' arrived on 0
2013-03-31 17:51:37.995 [IPControllerApp] task::task 'd6dcee74-b1b8-40f8-bcdf-8583d888f6e3' finished on 0
2013-03-31 17:51:38.258 [IPControllerApp] task::task '38def031-c7b9-4622-a0e5-b3e01846c719' arrived on 1
2013-03-31 17:51:38.259 [IPControllerApp] task::task 'dc6c3f67-abc7-4990-a6ce-ae63d03a016f' finished on 1
2013-03-31 17:51:38.463 [IPControllerApp] task::task 'c30fc958-fd3b-4000-95be-33ab38537144' arrived on 0
2013-03-31 17:51:38.463 [IPControllerApp] task::task 'be650bb1-c4d1-4b4e-b099-21324b32c59a' finished on 0
2013-03-31 17:51:38.635 [IPControllerApp] task::task '7ba273c6-7d18-4cba-8653-7df5f7d40029' arrived on 1
2013-03-31 17:51:38.635 [IPControllerApp] task::task '38def031-c7b9-4622-a0e5-b3e01846c719' finished on 1
2013-03-31 17:51:38.831 [IPControllerApp] task::task 'bbdb7842-fcd1-411d-b796-5cf33d5f7d31' arrived on 0
2013-03-31 17:51:38.832 [IPControllerApp] task::task 'c30fc958-fd3b-4000-95be-33ab38537144' finished on 0
2013-03-31 17:51:39.011 [IPControllerApp] task::task 'c39d8442-0de9-4c94-9a0a-a6d21ad88e52' arrived on 1
2013-03-31 17:51:39.012 [IPControllerApp] task::task '7ba273c6-7d18-4cba-8653-7df5f7d40029' finished on 1
2013-03-31 17:51:39.209 [IPControllerApp] task::task 'bbdb7842-fcd1-411d-b796-5cf33d5f7d31' finished on 0
2013-03-31 17:51:39.382 [IPControllerApp] task::task 'c39d8442-0de9-4c94-9a0a-a6d21ad88e52' finished on 1
2013-03-31 17:56:37.581 [IPControllerApp] queue::client 'dd8f7ee5-957c-4fb2-95ef-c57403b33b87' submitted request '52438ce7-35b1-4812-a05c-a913045e1eaf' to 0
2013-03-31 17:56:37.582 [IPControllerApp] queue::client 'dd8f7ee5-957c-4fb2-95ef-c57403b33b87' submitted request '27d1185c-ed11-481e-93bb-e7118a9571d8' to 1
2013-03-31 17:56:37.584 [IPControllerApp] queue::request '52438ce7-35b1-4812-a05c-a913045e1eaf' completed on 0
2013-03-31 17:56:37.585 [IPControllerApp] queue::request '27d1185c-ed11-481e-93bb-e7118a9571d8' completed on 1
2013-03-31 17:56:37.587 [IPControllerApp] queue::client 'dd8f7ee5-957c-4fb2-95ef-c57403b33b87' submitted request '6d93f364-51f1-4ade-ae7f-7ad943eb88a3' to 1
2013-03-31 17:56:37.607 [IPControllerApp] queue::request '6d93f364-51f1-4ade-ae7f-7ad943eb88a3' completed on 1
2013-03-31 17:56:37.611 [IPControllerApp] task::task '1db5595d-4c29-4497-82b9-4fe9155edc3d' arrived on 0
2013-03-31 17:56:37.612 [IPControllerApp] task::task '97c94b7c-aea5-4ad5-b7ec-fa4fd3c063c1' arrived on 1
2013-03-31 17:56:38.271 [IPControllerApp] task::task 'c6ccabc1-1ae1-4b9f-b86d-3bff77e3f8b5' arrived on 0
2013-03-31 17:56:38.271 [IPControllerApp] task::task '1db5595d-4c29-4497-82b9-4fe9155edc3d' finished on 0
2013-03-31 17:56:38.275 [IPControllerApp] task::task 'a8fe920e-748d-4a47-aac4-851fe75be5b2' arrived on 1
2013-03-31 17:56:38.275 [IPControllerApp] task::task '97c94b7c-aea5-4ad5-b7ec-fa4fd3c063c1' finished on 1
2013-03-31 17:56:38.912 [IPControllerApp] task::task 'f7b75b69-229c-4357-8fec-1b8f4705527a' arrived on 0
2013-03-31 17:56:38.912 [IPControllerApp] task::task 'c6ccabc1-1ae1-4b9f-b86d-3bff77e3f8b5' finished on 0
2013-03-31 17:56:38.920 [IPControllerApp] task::task '873c3f36-e85c-45f8-9cb7-bb69df77f7c4' arrived on 1
2013-03-31 17:56:38.921 [IPControllerApp] task::task 'a8fe920e-748d-4a47-aac4-851fe75be5b2' finished on 1
2013-03-31 17:56:39.267 [IPControllerApp] task::task '08bb76ff-cc50-4647-8a74-b91e2f437d0d' arrived on 1
2013-03-31 17:56:39.268 [IPControllerApp] task::task '873c3f36-e85c-45f8-9cb7-bb69df77f7c4' finished on 1
2013-03-31 17:56:39.547 [IPControllerApp] task::task '76af67d7-f33c-4d58-afbd-de96b026c145' arrived on 0
2013-03-31 17:56:39.547 [IPControllerApp] task::task 'f7b75b69-229c-4357-8fec-1b8f4705527a' finished on 0
2013-03-31 17:56:39.615 [IPControllerApp] task::task 'e1b18dd4-2a1d-43a1-935e-6af6ba6e4dfa' arrived on 1
2013-03-31 17:56:39.616 [IPControllerApp] task::task '08bb76ff-cc50-4647-8a74-b91e2f437d0d' finished on 1
2013-03-31 17:56:39.897 [IPControllerApp] task::task '64e01f9e-4653-4a32-9bc5-aa4320e283b6' arrived on 0
2013-03-31 17:56:39.897 [IPControllerApp] task::task '76af67d7-f33c-4d58-afbd-de96b026c145' finished on 0
2013-03-31 17:56:39.971 [IPControllerApp] task::task '7a4e3dfd-3eb9-424e-9a6f-4d8bd368e2e4' arrived on 1
2013-03-31 17:56:39.971 [IPControllerApp] task::task 'e1b18dd4-2a1d-43a1-935e-6af6ba6e4dfa' finished on 1
2013-03-31 17:56:40.257 [IPControllerApp] task::task 'e90166fa-aed4-4551-a574-cf593d25589d' arrived on 0
2013-03-31 17:56:40.258 [IPControllerApp] task::task '64e01f9e-4653-4a32-9bc5-aa4320e283b6' finished on 0
2013-03-31 17:56:40.518 [IPControllerApp] task::task '94d95a8e-1edb-485b-ba53-4217907cbbb6' arrived on 1
2013-03-31 17:56:40.519 [IPControllerApp] task::task '7a4e3dfd-3eb9-424e-9a6f-4d8bd368e2e4' finished on 1
2013-03-31 17:56:40.783 [IPControllerApp] task::task '5afc6745-a7f0-4da3-af1b-e030d1abd908' arrived on 0
2013-03-31 17:56:40.784 [IPControllerApp] task::task 'e90166fa-aed4-4551-a574-cf593d25589d' finished on 0
2013-03-31 17:56:41.054 [IPControllerApp] task::task '1b91b0ae-d048-46a5-991a-1421416d83a3' arrived on 1
2013-03-31 17:56:41.054 [IPControllerApp] task::task '94d95a8e-1edb-485b-ba53-4217907cbbb6' finished on 1
2013-03-31 17:56:41.319 [IPControllerApp] task::task '817a8df4-8a02-4507-b379-ba45d8ee9c51' arrived on 0
2013-03-31 17:56:41.319 [IPControllerApp] task::task '5afc6745-a7f0-4da3-af1b-e030d1abd908' finished on 0
2013-03-31 17:56:41.578 [IPControllerApp] task::task 'a393ed06-5950-4093-aca8-756764fe724b' arrived on 1
2013-03-31 17:56:41.579 [IPControllerApp] task::task '1b91b0ae-d048-46a5-991a-1421416d83a3' finished on 1
2013-03-31 17:56:41.938 [IPControllerApp] task::task '766f02b7-19ea-4403-be05-7d081b88cdd3' arrived on 0
2013-03-31 17:56:41.938 [IPControllerApp] task::task '817a8df4-8a02-4507-b379-ba45d8ee9c51' finished on 0
2013-03-31 17:56:42.235 [IPControllerApp] task::task 'f4dd29a2-a384-4f87-babe-5218c463b33b' arrived on 1
2013-03-31 17:56:42.236 [IPControllerApp] task::task 'a393ed06-5950-4093-aca8-756764fe724b' finished on 1
2013-03-31 17:56:42.639 [IPControllerApp] task::task '545aa1f2-3818-47f6-a066-9bbaf40f9a21' arrived on 0
2013-03-31 17:56:42.639 [IPControllerApp] task::task '766f02b7-19ea-4403-be05-7d081b88cdd3' finished on 0
2013-03-31 17:56:42.923 [IPControllerApp] task::task '47bc6d97-5583-40b3-ae5e-0235a409a604' arrived on 1
2013-03-31 17:56:42.924 [IPControllerApp] task::task 'f4dd29a2-a384-4f87-babe-5218c463b33b' finished on 1
2013-03-31 17:56:43.063 [IPControllerApp] task::task 'fc0a040d-eab2-4627-a9d3-a9688b3cc0cb' arrived on 1
2013-03-31 17:56:43.063 [IPControllerApp] task::task '47bc6d97-5583-40b3-ae5e-0235a409a604' finished on 1
2013-03-31 17:56:43.195 [IPControllerApp] task::task '7c649188-1e0f-4de2-af7e-19fde7eef4d0' arrived on 1
2013-03-31 17:56:43.195 [IPControllerApp] task::task 'fc0a040d-eab2-4627-a9d3-a9688b3cc0cb' finished on 1
2013-03-31 17:56:43.279 [IPControllerApp] task::task '0541979a-de36-4f7c-89dd-41aba2fcf869' arrived on 0
2013-03-31 17:56:43.280 [IPControllerApp] task::task '545aa1f2-3818-47f6-a066-9bbaf40f9a21' finished on 0
2013-03-31 17:56:43.326 [IPControllerApp] task::task '40110c2f-d3c3-4b8f-b608-92cc63f7949b' arrived on 1
2013-03-31 17:56:43.327 [IPControllerApp] task::task '7c649188-1e0f-4de2-af7e-19fde7eef4d0' finished on 1
2013-03-31 17:56:43.414 [IPControllerApp] task::task 'a2342cc6-a69d-459a-b948-3f05103e8848' arrived on 0
2013-03-31 17:56:43.415 [IPControllerApp] task::task '0541979a-de36-4f7c-89dd-41aba2fcf869' finished on 0
2013-03-31 17:56:43.461 [IPControllerApp] task::task 'c65b48c5-6ad1-4780-bf9b-2fcb30c0529a' arrived on 1
2013-03-31 17:56:43.462 [IPControllerApp] task::task '40110c2f-d3c3-4b8f-b608-92cc63f7949b' finished on 1
2013-03-31 17:56:43.990 [IPControllerApp] task::task '0ab6501b-6974-4597-a542-3d793c6f0143' arrived on 0
2013-03-31 17:56:43.990 [IPControllerApp] task::task 'a2342cc6-a69d-459a-b948-3f05103e8848' finished on 0
2013-03-31 17:56:44.026 [IPControllerApp] task::task '9158f918-b437-4357-8521-3d28f8ff3417' arrived on 1
2013-03-31 17:56:44.027 [IPControllerApp] task::task 'c65b48c5-6ad1-4780-bf9b-2fcb30c0529a' finished on 1
2013-03-31 17:56:44.556 [IPControllerApp] task::task '72df3bde-2889-4735-9753-749e4de40ee4' arrived on 0
2013-03-31 17:56:44.556 [IPControllerApp] task::task '0ab6501b-6974-4597-a542-3d793c6f0143' finished on 0
2013-03-31 17:56:44.598 [IPControllerApp] task::task 'cc3e4349-4096-4bc2-8b22-b676550088e1' arrived on 1
2013-03-31 17:56:44.599 [IPControllerApp] task::task '9158f918-b437-4357-8521-3d28f8ff3417' finished on 1
2013-03-31 17:56:44.818 [IPControllerApp] task::task 'cdf60d2b-9381-458d-a661-39c3ac2a02ef' arrived on 1
2013-03-31 17:56:44.819 [IPControllerApp] task::task 'cc3e4349-4096-4bc2-8b22-b676550088e1' finished on 1
2013-03-31 17:56:45.037 [IPControllerApp] task::task '14d90ed8-fd41-49db-b991-7782b7e29e50' arrived on 1
2013-03-31 17:56:45.038 [IPControllerApp] task::task 'cdf60d2b-9381-458d-a661-39c3ac2a02ef' finished on 1
2013-03-31 17:56:45.122 [IPControllerApp] task::task 'ce7d2551-7761-422d-87c7-c38d5dc3840f' arrived on 0
2013-03-31 17:56:45.123 [IPControllerApp] task::task '72df3bde-2889-4735-9753-749e4de40ee4' finished on 0
2013-03-31 17:56:45.254 [IPControllerApp] task::task 'd82ecd74-da6a-4d1e-aea6-a0585748d23d' arrived on 1
2013-03-31 17:56:45.255 [IPControllerApp] task::task '14d90ed8-fd41-49db-b991-7782b7e29e50' finished on 1
2013-03-31 17:56:45.338 [IPControllerApp] task::task '4f422c4e-31f9-4c12-a89f-c6bffcfb945b' arrived on 0
2013-03-31 17:56:45.338 [IPControllerApp] task::task 'ce7d2551-7761-422d-87c7-c38d5dc3840f' finished on 0
2013-03-31 17:56:45.471 [IPControllerApp] task::task 'b4de2660-3da4-4127-ae56-04d1d7eaf509' arrived on 1
2013-03-31 17:56:45.471 [IPControllerApp] task::task 'd82ecd74-da6a-4d1e-aea6-a0585748d23d' finished on 1
2013-03-31 17:56:45.977 [IPControllerApp] task::task 'c6b18ae3-5c23-45d3-93b3-418bd88e4ba6' arrived on 0
2013-03-31 17:56:45.977 [IPControllerApp] task::task '4f422c4e-31f9-4c12-a89f-c6bffcfb945b' finished on 0
2013-03-31 17:56:46.096 [IPControllerApp] task::task '51685bb5-8b82-4c73-a7d8-9fae805d485e' arrived on 1
2013-03-31 17:56:46.097 [IPControllerApp] task::task 'b4de2660-3da4-4127-ae56-04d1d7eaf509' finished on 1
2013-03-31 17:56:46.613 [IPControllerApp] task::task '9e543cc7-61f4-45cd-98e2-3e0dc3ea843a' arrived on 0
2013-03-31 17:56:46.614 [IPControllerApp] task::task 'c6b18ae3-5c23-45d3-93b3-418bd88e4ba6' finished on 0
2013-03-31 17:56:46.743 [IPControllerApp] task::task '1edc1c07-8e44-45da-a008-0516d4b717b9' arrived on 1
2013-03-31 17:56:46.743 [IPControllerApp] task::task '51685bb5-8b82-4c73-a7d8-9fae805d485e' finished on 1
2013-03-31 17:56:47.246 [IPControllerApp] task::task 'fd094bce-6a90-4343-ada4-999d8db7e39d' arrived on 0
2013-03-31 17:56:47.247 [IPControllerApp] task::task '9e543cc7-61f4-45cd-98e2-3e0dc3ea843a' finished on 0
2013-03-31 17:56:47.247 [IPControllerApp] task::task '033d93cb-0cf6-4ce1-993e-ca3909e0ed27' arrived on 1
2013-03-31 17:56:47.248 [IPControllerApp] task::task '1edc1c07-8e44-45da-a008-0516d4b717b9' finished on 1
2013-03-31 17:56:47.744 [IPControllerApp] task::task '2719cfac-d5fe-49c4-87d0-8a889efebe31' arrived on 0
2013-03-31 17:56:47.745 [IPControllerApp] task::task 'fd094bce-6a90-4343-ada4-999d8db7e39d' finished on 0
2013-03-31 17:56:47.750 [IPControllerApp] task::task 'ead605fb-411f-47d5-988a-ccae86edf282' arrived on 1
2013-03-31 17:56:47.750 [IPControllerApp] task::task '033d93cb-0cf6-4ce1-993e-ca3909e0ed27' finished on 1
2013-03-31 17:56:48.251 [IPControllerApp] task::task '479416e0-7dee-4eda-9238-c1bea5ea5c67' arrived on 1
2013-03-31 17:56:48.251 [IPControllerApp] task::task 'ead605fb-411f-47d5-988a-ccae86edf282' finished on 1
2013-03-31 17:56:48.252 [IPControllerApp] task::task '289f7807-9a94-4816-8a46-3b6a0a58f75c' arrived on 0
2013-03-31 17:56:48.252 [IPControllerApp] task::task '2719cfac-d5fe-49c4-87d0-8a889efebe31' finished on 0
2013-03-31 17:56:48.790 [IPControllerApp] task::task 'd65b6629-4ab4-466c-bece-40fd611802ab' arrived on 0
2013-03-31 17:56:48.791 [IPControllerApp] task::task '289f7807-9a94-4816-8a46-3b6a0a58f75c' finished on 0
2013-03-31 17:56:48.791 [IPControllerApp] task::task '26bf8211-4b0f-4894-8c46-44e8c34fd2e1' arrived on 1
2013-03-31 17:56:48.791 [IPControllerApp] task::task '479416e0-7dee-4eda-9238-c1bea5ea5c67' finished on 1
2013-03-31 17:56:49.329 [IPControllerApp] task::task 'aa3fbfbb-df74-43f2-8ea6-2e9f2146e1a6' arrived on 0
2013-03-31 17:56:49.330 [IPControllerApp] task::task 'd65b6629-4ab4-466c-bece-40fd611802ab' finished on 0
2013-03-31 17:56:49.334 [IPControllerApp] task::task 'e8085d56-06a4-4bd1-ae7d-cb78a74ef614' arrived on 1
2013-03-31 17:56:49.335 [IPControllerApp] task::task '26bf8211-4b0f-4894-8c46-44e8c34fd2e1' finished on 1
2013-03-31 17:56:49.558 [IPControllerApp] task::task '2cd11fde-4c1e-44a1-a3a3-e6c9eed4cd1e' arrived on 1
2013-03-31 17:56:49.558 [IPControllerApp] task::task 'e8085d56-06a4-4bd1-ae7d-cb78a74ef614' finished on 1
2013-03-31 17:56:49.782 [IPControllerApp] task::task '0544dbd9-3da4-4c91-8013-aee68e98738e' arrived on 1
2013-03-31 17:56:49.783 [IPControllerApp] task::task '2cd11fde-4c1e-44a1-a3a3-e6c9eed4cd1e' finished on 1
2013-03-31 17:56:49.870 [IPControllerApp] task::task '9d4dd53a-7704-4ffc-b971-715a57c360a1' arrived on 0
2013-03-31 17:56:49.871 [IPControllerApp] task::task 'aa3fbfbb-df74-43f2-8ea6-2e9f2146e1a6' finished on 0
2013-03-31 17:56:50.006 [IPControllerApp] task::task '47082456-3bf9-490f-937a-76d0bcf47c59' arrived on 1
2013-03-31 17:56:50.006 [IPControllerApp] task::task '0544dbd9-3da4-4c91-8013-aee68e98738e' finished on 1
2013-03-31 17:56:50.093 [IPControllerApp] task::task '1c6bcae0-e21f-4218-8a4b-4cd0ce51c406' arrived on 0
2013-03-31 17:56:50.094 [IPControllerApp] task::task '9d4dd53a-7704-4ffc-b971-715a57c360a1' finished on 0
2013-03-31 17:56:50.232 [IPControllerApp] task::task '65048e64-a651-47f0-884d-095147c13634' arrived on 1
2013-03-31 17:56:50.232 [IPControllerApp] task::task '47082456-3bf9-490f-937a-76d0bcf47c59' finished on 1
2013-03-31 17:56:50.623 [IPControllerApp] task::task '7eee3cb6-83b6-4e8f-ada5-309c6c5c081c' arrived on 0
2013-03-31 17:56:50.624 [IPControllerApp] task::task '1c6bcae0-e21f-4218-8a4b-4cd0ce51c406' finished on 0
2013-03-31 17:56:50.755 [IPControllerApp] task::task 'cdafa8cb-9562-492a-b90f-4cf3269e5d0a' arrived on 1
2013-03-31 17:56:50.756 [IPControllerApp] task::task '65048e64-a651-47f0-884d-095147c13634' finished on 1
2013-03-31 17:56:51.157 [IPControllerApp] task::task '8f8fd0f9-ee39-48d5-bc53-834cb7ad4eed' arrived on 0
2013-03-31 17:56:51.157 [IPControllerApp] task::task '7eee3cb6-83b6-4e8f-ada5-309c6c5c081c' finished on 0
2013-03-31 17:56:51.297 [IPControllerApp] task::task '728fc6d1-0618-47fc-921d-5a374e384fe0' arrived on 1
2013-03-31 17:56:51.298 [IPControllerApp] task::task 'cdafa8cb-9562-492a-b90f-4cf3269e5d0a' finished on 1
2013-03-31 17:56:51.695 [IPControllerApp] task::task 'da787470-ad83-4f11-a592-805dce05a520' arrived on 0
2013-03-31 17:56:51.696 [IPControllerApp] task::task '8f8fd0f9-ee39-48d5-bc53-834cb7ad4eed' finished on 0
2013-03-31 17:56:51.821 [IPControllerApp] task::task '678edb97-269a-4fec-baba-4ad552bcb4cf' arrived on 1
2013-03-31 17:56:51.822 [IPControllerApp] task::task '728fc6d1-0618-47fc-921d-5a374e384fe0' finished on 1
2013-03-31 17:56:52.212 [IPControllerApp] task::task 'c2e1e7b4-417f-49cd-b9cf-ec52793a329c' arrived on 0
2013-03-31 17:56:52.213 [IPControllerApp] task::task 'da787470-ad83-4f11-a592-805dce05a520' finished on 0
2013-03-31 17:56:52.337 [IPControllerApp] task::task '09ae1106-67f8-4860-88cc-0fa676dd015b' arrived on 1
2013-03-31 17:56:52.338 [IPControllerApp] task::task '678edb97-269a-4fec-baba-4ad552bcb4cf' finished on 1
2013-03-31 17:56:52.722 [IPControllerApp] task::task 'a999c2f6-eb0e-42c8-9490-6d893f4ce2b5' arrived on 0
2013-03-31 17:56:52.722 [IPControllerApp] task::task 'c2e1e7b4-417f-49cd-b9cf-ec52793a329c' finished on 0
2013-03-31 17:56:52.847 [IPControllerApp] task::task '8b914da7-5d1d-4226-b471-745744df7686' arrived on 1
2013-03-31 17:56:52.847 [IPControllerApp] task::task '09ae1106-67f8-4860-88cc-0fa676dd015b' finished on 1
2013-03-31 17:56:53.298 [IPControllerApp] task::task 'e412b6fe-c5b0-49a4-aba9-d4a17191dc6e' arrived on 0
2013-03-31 17:56:53.298 [IPControllerApp] task::task 'a999c2f6-eb0e-42c8-9490-6d893f4ce2b5' finished on 0
2013-03-31 17:56:53.430 [IPControllerApp] task::task '1f0316ce-5ac2-4220-a22e-0322fd55e4b1' arrived on 1
2013-03-31 17:56:53.430 [IPControllerApp] task::task '8b914da7-5d1d-4226-b471-745744df7686' finished on 1
2013-03-31 17:56:53.889 [IPControllerApp] task::task 'f98506ec-a618-405c-b59e-fb3c3691c75a' arrived on 0
2013-03-31 17:56:53.890 [IPControllerApp] task::task 'e412b6fe-c5b0-49a4-aba9-d4a17191dc6e' finished on 0
2013-03-31 17:56:54.003 [IPControllerApp] task::task '94862222-d4dd-4f6b-b2fa-eaeb3466ccfc' arrived on 1
2013-03-31 17:56:54.004 [IPControllerApp] task::task '1f0316ce-5ac2-4220-a22e-0322fd55e4b1' finished on 1
2013-03-31 17:56:54.223 [IPControllerApp] task::task '13b823a8-4030-4935-befa-056de2d7a6cb' arrived on 1
2013-03-31 17:56:54.223 [IPControllerApp] task::task '94862222-d4dd-4f6b-b2fa-eaeb3466ccfc' finished on 1
2013-03-31 17:56:54.438 [IPControllerApp] task::task '37655871-151b-47ba-961a-363dd384fb5b' arrived on 1
2013-03-31 17:56:54.439 [IPControllerApp] task::task '13b823a8-4030-4935-befa-056de2d7a6cb' finished on 1
2013-03-31 17:56:54.463 [IPControllerApp] task::task 'a3d3cdb2-c1b7-4805-bd94-d5ca8e438531' arrived on 0
2013-03-31 17:56:54.464 [IPControllerApp] task::task 'f98506ec-a618-405c-b59e-fb3c3691c75a' finished on 0
2013-03-31 17:56:54.663 [IPControllerApp] task::task '9a254965-8459-4358-8149-c41c5d5cfad5' arrived on 1
2013-03-31 17:56:54.664 [IPControllerApp] task::task '37655871-151b-47ba-961a-363dd384fb5b' finished on 1
2013-03-31 17:56:54.695 [IPControllerApp] task::task '3e72ac1c-dd36-4e89-b99a-8d07e7c81c3b' arrived on 0
2013-03-31 17:56:54.695 [IPControllerApp] task::task 'a3d3cdb2-c1b7-4805-bd94-d5ca8e438531' finished on 0
2013-03-31 17:56:54.891 [IPControllerApp] task::task 'b0341fb0-ab46-44ac-8071-e08119c0a043' arrived on 1
2013-03-31 17:56:54.891 [IPControllerApp] task::task '9a254965-8459-4358-8149-c41c5d5cfad5' finished on 1
2013-03-31 17:56:54.915 [IPControllerApp] task::task '148087ee-f89d-44fe-8fcd-6a0c63977139' arrived on 0
2013-03-31 17:56:54.916 [IPControllerApp] task::task '3e72ac1c-dd36-4e89-b99a-8d07e7c81c3b' finished on 0
2013-03-31 17:56:55.110 [IPControllerApp] task::task '363db8bd-9a38-4c59-a1ff-6a36db109119' arrived on 1
2013-03-31 17:56:55.111 [IPControllerApp] task::task 'b0341fb0-ab46-44ac-8071-e08119c0a043' finished on 1
2013-03-31 17:56:55.142 [IPControllerApp] task::task '310fe75e-c07f-4f3b-88d0-9536a0929d89' arrived on 0
2013-03-31 17:56:55.142 [IPControllerApp] task::task '148087ee-f89d-44fe-8fcd-6a0c63977139' finished on 0
2013-03-31 17:56:55.328 [IPControllerApp] task::task 'c1264bd8-43b3-4975-a059-4958e92b1e83' arrived on 1
2013-03-31 17:56:55.328 [IPControllerApp] task::task '363db8bd-9a38-4c59-a1ff-6a36db109119' finished on 1
2013-03-31 17:56:55.355 [IPControllerApp] task::task '14efbc91-72a1-4bcf-ab29-f1fd0f6754dd' arrived on 0
2013-03-31 17:56:55.356 [IPControllerApp] task::task '310fe75e-c07f-4f3b-88d0-9536a0929d89' finished on 0
2013-03-31 17:56:55.915 [IPControllerApp] task::task '5a86afdb-04ee-46fd-b1d7-5dd56f7a6484' arrived on 1
2013-03-31 17:56:55.916 [IPControllerApp] task::task 'c1264bd8-43b3-4975-a059-4958e92b1e83' finished on 1
2013-03-31 17:56:55.943 [IPControllerApp] task::task '3acc90f5-91c1-415d-8b51-aac5fadf5b4a' arrived on 0
2013-03-31 17:56:55.944 [IPControllerApp] task::task '14efbc91-72a1-4bcf-ab29-f1fd0f6754dd' finished on 0
2013-03-31 17:56:56.526 [IPControllerApp] task::task '2944f9d7-163e-4667-8ef8-0914f0b74bb0' arrived on 1
2013-03-31 17:56:56.527 [IPControllerApp] task::task '5a86afdb-04ee-46fd-b1d7-5dd56f7a6484' finished on 1
2013-03-31 17:56:56.556 [IPControllerApp] task::task 'ae97b7ee-1fab-4faf-b5a5-0c38c1c6e8d9' arrived on 0
2013-03-31 17:56:56.556 [IPControllerApp] task::task '3acc90f5-91c1-415d-8b51-aac5fadf5b4a' finished on 0
2013-03-31 17:56:57.018 [IPControllerApp] task::task '94173d2e-7bc4-4154-bb85-929d0927d6fa' arrived on 0
2013-03-31 17:56:57.019 [IPControllerApp] task::task 'ae97b7ee-1fab-4faf-b5a5-0c38c1c6e8d9' finished on 0
2013-03-31 17:56:57.119 [IPControllerApp] task::task '4c47f166-f55d-46f7-8bee-427813095717' arrived on 1
2013-03-31 17:56:57.120 [IPControllerApp] task::task '2944f9d7-163e-4667-8ef8-0914f0b74bb0' finished on 1
2013-03-31 17:56:57.479 [IPControllerApp] task::task '123dc4c7-3c95-4674-b91b-1849495ca2c5' arrived on 0
2013-03-31 17:56:57.480 [IPControllerApp] task::task '94173d2e-7bc4-4154-bb85-929d0927d6fa' finished on 0
2013-03-31 17:56:57.584 [IPControllerApp] task::task 'ea1406c4-ec79-4ac1-ad0f-d89fa2f7b72d' arrived on 1
2013-03-31 17:56:57.584 [IPControllerApp] task::task '4c47f166-f55d-46f7-8bee-427813095717' finished on 1
2013-03-31 17:56:57.942 [IPControllerApp] task::task '0a0da5e6-e66d-4e37-b385-1082cf6ae17e' arrived on 0
2013-03-31 17:56:57.943 [IPControllerApp] task::task '123dc4c7-3c95-4674-b91b-1849495ca2c5' finished on 0
2013-03-31 17:56:58.049 [IPControllerApp] task::task '1266cb72-a35b-43a3-9807-8b7f079303b6' arrived on 1
2013-03-31 17:56:58.049 [IPControllerApp] task::task 'ea1406c4-ec79-4ac1-ad0f-d89fa2f7b72d' finished on 1
2013-03-31 17:56:58.071 [IPControllerApp] task::task '00f34561-925a-40f1-838b-35e0818532ad' arrived on 0
2013-03-31 17:56:58.072 [IPControllerApp] task::task '0a0da5e6-e66d-4e37-b385-1082cf6ae17e' finished on 0
2013-03-31 17:56:58.175 [IPControllerApp] task::task 'e44765b2-3c61-4cc8-b6db-5fadb2749907' arrived on 1
2013-03-31 17:56:58.176 [IPControllerApp] task::task '1266cb72-a35b-43a3-9807-8b7f079303b6' finished on 1
2013-03-31 17:56:58.198 [IPControllerApp] task::task 'dc268d86-69a2-4d3b-92c1-b30f33759992' arrived on 0
2013-03-31 17:56:58.199 [IPControllerApp] task::task '00f34561-925a-40f1-838b-35e0818532ad' finished on 0
2013-03-31 17:56:58.305 [IPControllerApp] task::task 'd0d4fb1c-0277-476b-a41e-22cd9aa3f18c' arrived on 1
2013-03-31 17:56:58.305 [IPControllerApp] task::task 'e44765b2-3c61-4cc8-b6db-5fadb2749907' finished on 1
2013-03-31 17:56:58.323 [IPControllerApp] task::task '3485e345-0ea6-4d1e-a032-fe3115eb974e' arrived on 0
2013-03-31 17:56:58.324 [IPControllerApp] task::task 'dc268d86-69a2-4d3b-92c1-b30f33759992' finished on 0
2013-03-31 17:56:58.878 [IPControllerApp] task::task 'ff7727a8-9690-4663-bfaf-7059da5e60bc' arrived on 1
2013-03-31 17:56:58.879 [IPControllerApp] task::task 'd0d4fb1c-0277-476b-a41e-22cd9aa3f18c' finished on 1
2013-03-31 17:56:58.888 [IPControllerApp] task::task '10c5a328-79a4-4cff-b39c-b35582681b51' arrived on 0
2013-03-31 17:56:58.889 [IPControllerApp] task::task '3485e345-0ea6-4d1e-a032-fe3115eb974e' finished on 0
2013-03-31 17:56:59.449 [IPControllerApp] task::task 'dafdd48b-43ac-41db-9398-9247aa890041' arrived on 1
2013-03-31 17:56:59.450 [IPControllerApp] task::task 'ff7727a8-9690-4663-bfaf-7059da5e60bc' finished on 1
2013-03-31 17:56:59.461 [IPControllerApp] task::task '10c5a328-79a4-4cff-b39c-b35582681b51' finished on 0
2013-03-31 17:57:00.015 [IPControllerApp] task::task 'dafdd48b-43ac-41db-9398-9247aa890041' finished on 1
2013-03-31 19:46:12.145 [IPControllerApp] Received signal 2, shutting down
2013-03-31 19:46:12.146 [IPControllerApp] terminating children...
2013-03-31 19:46:12.146 [IPControllerApp] Failed to cleanup connection file: [Errno 2] No such file or directory: '/Users/fabrizio/.ipython/profile_default/security/ipcontroller-client.json'
2013-03-31 19:46:12.146 [IPControllerApp] Failed to cleanup connection file: [Errno 2] No such file or directory: '/Users/fabrizio/.ipython/profile_default/security/ipcontroller-engine.json'
